<?xml version="1.0" encoding="UTF-8"?>
<!-- Generated by org.testng.reporters.JUnitXMLReporter -->
<testsuite hostname="LAPTOP-354O6RMQ" ignored="0" name="RestAssuredAITestingPractice" tests="5" failures="0" timestamp="2020-12-27T12:04:04 AEDT" time="17.591" errors="0">
  <testcase name="testGetBookingIDs" time="0.013" classname="TestCases.GetBookingIds"/>
  <testcase name="testGetBookingID" time="0.002" classname="TestCases.GetBookingID"/>
  <testcase name="testPostCreateToken" time="0.003" classname="TestCases.CreateAuthToken"/>
  <testcase name="testBooking" time="0.001" classname="TestCases.CreateBooking"/>
  <testcase name="testCreateEmployee" time="0.002" classname="TestCases.CreateEmployee"/>
</testsuite> <!-- RestAssuredAITestingPractice -->
